<?xml version="1.0" encoding="UTF-8"?>
<testsuite name="com.indiansportsnews.attendanceapp.ExampleUnitTest" tests="1" skipped="0" failures="0" errors="0" timestamp="2017-04-13T08:53:38" hostname="Anuj" time="0.001">
  <properties/>
  <testcase name="addition_isCorrect" classname="com.indiansportsnews.attendanceapp.ExampleUnitTest" time="0.001"/>
  <system-out><![CDATA[]]></system-out>
  <system-err><![CDATA[]]></system-err>
</testsuite>
